0 info it worked if it ends with ok
1 verbose cli [ 'C:\\Program Files\\nodejs\\node.exe',
1 verbose cli   'C:\\Program Files\\nodejs\\node_modules\\npm\\bin\\npm-cli.js',
1 verbose cli   'start' ]
2 info using npm@3.10.8
3 info using node@v6.9.1
4 verbose run-script [ 'prestart', 'start', 'poststart' ]
5 info lifecycle todo-list-proj@1.0.0~prestart: todo-list-proj@1.0.0
6 silly lifecycle todo-list-proj@1.0.0~prestart: no script for prestart, continuing
7 info lifecycle todo-list-proj@1.0.0~start: todo-list-proj@1.0.0
8 verbose lifecycle todo-list-proj@1.0.0~start: unsafe-perm in lifecycle true
9 verbose lifecycle todo-list-proj@1.0.0~start: PATH: C:\Program Files\nodejs\node_modules\npm\bin\node-gyp-bin;C:\Users\sw6l\Documents\GitHub\todo_list\node_modules\.bin;D:\Python27\;D:\Python27\Scripts;C:\Windows\system32;C:\Windows;C:\Windows\System32\Wbem;C:\Windows\System32\WindowsPowerShell\v1.0\;C:\Windows\system32\config\systemprofile\.dnx\bin;C:\Program Files\Microsoft DNX\Dnvm\;C:\Program Files (x86)\Windows Kits\8.1\Windows Performance Toolkit\;C:\Program Files\Microsoft SQL Server\Client SDK\ODBC\110\Tools\Binn\;C:\Program Files (x86)\Microsoft SQL Server\120\Tools\Binn\ManagementStudio\;C:\Program Files (x86)\Microsoft SQL Server\120\Tools\Binn\;C:\Program Files\Microsoft SQL Server\120\Tools\Binn\;C:\Program Files (x86)\Microsoft SQL Server\120\DTS\Binn\;C:\Program Files\Microsoft SQL Server\120\DTS\Binn\;C:\Program Files\Git\cmd;C:\Program Files\nodejs\;;D:\Microsoft VS Code\bin;C:\Users\sw6l\AppData\Roaming\npm
10 verbose lifecycle todo-list-proj@1.0.0~start: CWD: C:\Users\sw6l\Documents\GitHub\todo_list
11 silly lifecycle todo-list-proj@1.0.0~start: Args: [ '/d /s /c', 'npm run dev' ]
12 silly lifecycle todo-list-proj@1.0.0~start: Returned: code: 3221225786  signal: null
13 info lifecycle todo-list-proj@1.0.0~start: Failed to exec start script
14 verbose stack Error: todo-list-proj@1.0.0 start: `npm run dev`
14 verbose stack Exit status 3221225786
14 verbose stack     at EventEmitter.<anonymous> (C:\Program Files\nodejs\node_modules\npm\lib\utils\lifecycle.js:255:16)
14 verbose stack     at emitTwo (events.js:106:13)
14 verbose stack     at EventEmitter.emit (events.js:191:7)
14 verbose stack     at ChildProcess.<anonymous> (C:\Program Files\nodejs\node_modules\npm\lib\utils\spawn.js:40:14)
14 verbose stack     at emitTwo (events.js:106:13)
14 verbose stack     at ChildProcess.emit (events.js:191:7)
14 verbose stack     at maybeClose (internal/child_process.js:877:16)
14 verbose stack     at Process.ChildProcess._handle.onexit (internal/child_process.js:226:5)
15 verbose pkgid todo-list-proj@1.0.0
16 verbose cwd C:\Users\sw6l\Documents\GitHub\todo_list
17 error Windows_NT 10.0.10586
18 error argv "C:\\Program Files\\nodejs\\node.exe" "C:\\Program Files\\nodejs\\node_modules\\npm\\bin\\npm-cli.js" "start"
19 error node v6.9.1
20 error npm  v3.10.8
21 error code ELIFECYCLE
22 error todo-list-proj@1.0.0 start: `npm run dev`
22 error Exit status 3221225786
23 error Failed at the todo-list-proj@1.0.0 start script 'npm run dev'.
23 error Make sure you have the latest version of node.js and npm installed.
23 error If you do, this is most likely a problem with the todo-list-proj package,
23 error not with npm itself.
23 error Tell the author that this fails on your system:
23 error     npm run dev
23 error You can get information on how to open an issue for this project with:
23 error     npm bugs todo-list-proj
23 error Or if that isn't available, you can get their info via:
23 error     npm owner ls todo-list-proj
23 error There is likely additional logging output above.
24 verbose exit [ 1, true ]
